Foe Of The Banished
Slave Of The Ocean
Owls Of Silver
Women Of Insanity
Warriors Of The Night
Girls And Heroes
Border Without Sin
Cats And Heroes
Murder Of The End
Welcome To The World
Eliminating The South
Creator Of Destruction
Witch Without Flaws
Lions Of Joy
Invaders Of The Light
Snakes And Swindlers
Raised By The Apocolypse
Trees And Criminals
Death With Sins
Bow Without Hope
Battle Of The Jungle
Bleeding At The Darkness
Dog Of The Void
Fish Of Desire
Defenders Of Next Year
Warriors Without A Conscience
Descendants And Dogs
Bandits And Phantoms
Dishonor Without Hate
Wand Of The Plague
Arriving At The South
Giant With Determination
Defender Of The Prison
Serpents Without Honor
Priests And Hunters
Slaves And Creators
Ascension With A Goal
Faction Without Time
Write About The Slaves
Possessed By My Family
